{
  "stats": {
    "suites": 1,
    "tests": 3,
    "passes": 3,
    "pending": 0,
    "failures": 0,
    "start": "2025-12-27T15:16:08.090Z",
    "end": "2025-12-27T15:16:13.805Z",
    "duration": 5715,
    "testsRegistered": 3,
    "passPercent": 100,
    "pendingPercent": 0,
    "other": 0,
    "hasOther": false,
    "skipped": 0,
    "hasSkipped": false
  },
  "results": [
    {
      "uuid": "5b7fc312-75df-4a1f-a88b-d7bc6254a791",
      "title": "",
      "fullFile": "C:\\Users\\Reky frans\\OneDrive\\Desktop\\Bootcamp QA Engineer\\QuisdanTugas\\TugasBatch13_Sesi10_DigitalSkola\\tugas\\tugas-sesi10.js",
      "file": "\\tugas\\tugas-sesi10.js",
      "beforeHooks": [],
      "afterHooks": [],
      "tests": [],
      "suites": [
        {
          "uuid": "d18649a6-d6ca-48a6-bd10-5a4e81d451b0",
          "title": "Google Search Test",
          "fullFile": "C:\\Users\\Reky frans\\OneDrive\\Desktop\\Bootcamp QA Engineer\\QuisdanTugas\\TugasBatch13_Sesi10_DigitalSkola\\tugas\\tugas-sesi10.js",
          "file": "\\tugas\\tugas-sesi10.js",
          "beforeHooks": [],
          "afterHooks": [
            {
              "title": "\"after each\" hook in \"Google Search Test\"",
              "fullTitle": "Google Search Test \"after each\" hook in \"Google Search Test\"",
              "timedOut": false,
              "duration": 0,
              "state": null,
              "speed": null,
              "pass": false,
              "fail": false,
              "pending": false,
              "context": null,
              "code": "console.log('ini dalam afterEach() hook')",
              "err": {},
              "uuid": "16fe44ef-7069-4d5d-8912-78a2d4827593",
              "parentUUID": "d18649a6-d6ca-48a6-bd10-5a4e81d451b0",
              "isHook": true,
              "skipped": false
            }
          ],
          "tests": [
            {
              "title": "Visit & Login SauceDemo",
              "fullTitle": "Google Search Test Visit & Login SauceDemo",
              "timedOut": false,
              "duration": 2814,
              "state": "passed",
              "speed": "slow",
              "pass": true,
              "fail": false,
              "pending": false,
              "context": null,
              "code": "driver = await new Builder().forBrowser('chrome').build();\nawait driver.get('https://www.saucedemo.com');\n\n//Input field untuk Login\nlet inputUsername = await driver.findElement(By.css('[data-test=\"username\"]'))\nlet inputPassword = await driver.findElement(By.xpath('//*[@data-test=\"password\"]'))\nlet buttonLogin = await driver.findElement(By.className('submit-button btn_action'))\n\n//Action untuk Login\nawait inputUsername.sendKeys('standard_user')\nawait inputPassword.sendKeys('secret_sauce')\nawait buttonLogin.click()\n//menampilkan elemen \nlet buttonCart = await driver.wait(\n    until.elementLocated(By.xpath('//*[@data-test=\"shopping-cart-link\"]')), \n    10000\n);\nawait driver.wait(until.elementIsVisible(buttonCart), 500000, 'Berhasil Login Shopping cart tampil');\n// Assert\nawait buttonCart.isDisplayed()",
              "err": {},
              "uuid": "5a72f82a-50b3-473b-8215-1b75190273fe",
              "parentUUID": "d18649a6-d6ca-48a6-bd10-5a4e81d451b0",
              "isHook": false,
              "skipped": false
            },
            {
              "title": "Sort Z-A",
              "fullTitle": "Google Search Test Sort Z-A",
              "timedOut": false,
              "duration": 1188,
              "state": "passed",
              "speed": "slow",
              "pass": true,
              "fail": false,
              "pending": false,
              "context": null,
              "code": "//Sort Z-A\n//let Header1 = await driver.findElement(By.xpath('//*[@id=\"header_container\"]/div[2]/div/span'))\nlet dropdown1 = await driver.findElement(By.xpath('//*[@id=\"header_container\"]/div[2]/div/span/select')) \nlet dropdownSortZtoA = await driver.findElement(By.xpath('//*[@id=\"header_container\"]/div[2]/div/span/select/option[2]'))\n    \n//Action Sort\n//await Header1.click()\nawait dropdown1.click()\nawait dropdownSortZtoA.click()    \nawait delay(1000) // Jeda 1 detik",
              "err": {},
              "uuid": "ba6ea122-b6d0-46cd-ad9e-6dcddb40bc7f",
              "parentUUID": "d18649a6-d6ca-48a6-bd10-5a4e81d451b0",
              "isHook": false,
              "skipped": false
            },
            {
              "title": "Sort A-Z",
              "fullTitle": "Google Search Test Sort A-Z",
              "timedOut": false,
              "duration": 1695,
              "state": "passed",
              "speed": "slow",
              "pass": true,
              "fail": false,
              "pending": false,
              "context": null,
              "code": "//let Header1 = await driver.findElement(By.xpath('//*[@id=\"header_container\"]/div[2]/div/span'))\nlet dropdown2 = await driver.findElement(By.xpath('//*[@id=\"header_container\"]/div[2]/div/span/select')) \nlet dropdownSortAtoZ = await driver.findElement(By.xpath('//*[@id=\"header_container\"]/div[2]/div/span/select/option[1]'))\n    \n//Action Sort\n//await Header1.click()\nawait dropdown2.click()\nawait dropdownSortAtoZ.click()    \nawait delay(1000) // Jeda 1 detik\nawait driver.quit();",
              "err": {},
              "uuid": "77bafe3c-9717-4897-b8d1-b39040a970e3",
              "parentUUID": "d18649a6-d6ca-48a6-bd10-5a4e81d451b0",
              "isHook": false,
              "skipped": false
            }
          ],
          "suites": [],
          "passes": [
            "5a72f82a-50b3-473b-8215-1b75190273fe",
            "ba6ea122-b6d0-46cd-ad9e-6dcddb40bc7f",
            "77bafe3c-9717-4897-b8d1-b39040a970e3"
          ],
          "failures": [],
          "pending": [],
          "skipped": [],
          "duration": 5697,
          "root": false,
          "rootEmpty": false,
          "_timeout": 60000
        }
      ],
      "passes": [],
      "failures": [],
      "pending": [],
      "skipped": [],
      "duration": 0,
      "root": true,
      "rootEmpty": true,
      "_timeout": 60000
    }
  ],
  "meta": {
    "mocha": {
      "version": "10.8.2"
    },
    "mochawesome": {
      "options": {
        "quiet": false,
        "reportFilename": "mochawesome",
        "saveHtml": true,
        "saveJson": true,
        "consoleReporter": "spec",
        "useInlineDiffs": false,
        "code": true
      },
      "version": "7.1.4"
    },
    "marge": {
      "options": null,
      "version": "6.3.2"
    }
  }
}